# JRE version: Java(TM) SE Runtime Environment (8.0_211-b12) (build 1.8.0_211-b12)
# Java VM: Java HotSpot(TM) 64-Bit Server VM (25.211-b12 mixed mode linux-amd64 compressed oops)
Heap:
 PSYoungGen      total 67584K, used 5094K [0x00000000d7e00000, 0x00000000dc500000, 0x0000000100000000)
  eden space 62464K, 0% used [0x00000000d7e00000,0x00000000d7e00000,0x00000000dbb00000)
  from space 5120K, 99% used [0x00000000dbb00000,0x00000000dbff9a90,0x00000000dc000000)
  to   space 5120K, 0% used [0x00000000dc000000,0x00000000dc000000,0x00000000dc500000)
 ParOldGen       total 83456K, used 6479K [0x0000000087a00000, 0x000000008cb80000, 0x00000000d7e00000)
  object space 83456K, 7% used [0x0000000087a00000,0x0000000088053fc8,0x000000008cb80000)
 Metaspace       used 19197K, capacity 19500K, committed 19840K, reserved 1067008K
  class space    used 2459K, capacity 2562K, committed 2688K, reserved 1048576K
GC Heap History (9 events):
Event: 157.526 GC heap before
{Heap before GC invocations=1 (full 0):
 PSYoungGen      total 36352K, used 31232K [0x00000000d7e00000, 0x00000000da680000, 0x0000000100000000)
  eden space 31232K, 100% used [0x00000000d7e00000,0x00000000d9c80000,0x00000000d9c80000)
  from space 5120K, 0% used [0x00000000da180000,0x00000000da180000,0x00000000da680000)
  to   space 5120K, 0% used [0x00000000d9c80000,0x00000000d9c80000,0x00000000da180000)
 ParOldGen       total 83456K, used 0K [0x0000000087a00000, 0x000000008cb80000, 0x00000000d7e00000)
  object space 83456K, 0% used [0x0000000087a00000,0x0000000087a00000,0x000000008cb80000)
 Metaspace       used 7165K, capacity 7228K, committed 7424K, reserved 1056768K
  class space    used 879K, capacity 914K, committed 1024K, reserved 1048576K
Event: 157.556 GC heap after
Heap after GC invocations=1 (full 0):
 PSYoungGen      total 36352K, used 4640K [0x00000000d7e00000, 0x00000000da680000, 0x0000000100000000)
  eden space 31232K, 0% used [0x00000000d7e00000,0x00000000d7e00000,0x00000000d9c80000)
  from space 5120K, 90% used [0x00000000d9c80000,0x00000000da108030,0x00000000da180000)
  to   space 5120K, 0% used [0x00000000da180000,0x00000000da180000,0x00000000da680000)
 ParOldGen       total 83456K, used 8K [0x0000000087a00000, 0x000000008cb80000, 0x00000000d7e00000)
  object space 83456K, 0% used [0x0000000087a00000,0x0000000087a02000,0x000000008cb80000)
 Metaspace       used 7165K, capacity 7228K, committed 7424K, reserved 1056768K
  class space    used 879K, capacity 914K, committed 1024K, reserved 1048576K
}
Event: 159.589 GC heap before
{Heap before GC invocations=2 (full 0):
 PSYoungGen      total 36352K, used 35872K [0x00000000d7e00000, 0x00000000da680000, 0x0000000100000000)
  eden space 31232K, 100% used [0x00000000d7e00000,0x00000000d9c80000,0x00000000d9c80000)
  from space 5120K, 90% used [0x00000000d9c80000,0x00000000da108030,0x00000000da180000)
  to   space 5120K, 0% used [0x00000000da180000,0x00000000da180000,0x00000000da680000)
 ParOldGen       total 83456K, used 8K [0x0000000087a00000, 0x000000008cb80000, 0x00000000d7e00000)
  object space 83456K, 0% used [0x0000000087a00000,0x0000000087a02000,0x000000008cb80000)
 Metaspace       used 13835K, capacity 14016K, committed 14080K, reserved 1060864K
  class space    used 1700K, capacity 1761K, committed 1792K, reserved 1048576K
Event: 159.611 GC heap after
Heap after GC invocations=2 (full 0):
 PSYoungGen      total 36352K, used 5105K [0x00000000d7e00000, 0x00000000da680000, 0x0000000100000000)
  eden space 31232K, 0% used [0x00000000d7e00000,0x00000000d7e00000,0x00000000d9c80000)
  from space 5120K, 99% used [0x00000000da180000,0x00000000da67c4b0,0x00000000da680000)
  to   space 5120K, 0% used [0x00000000d9c80000,0x00000000d9c80000,0x00000000da180000)
 ParOldGen       total 83456K, used 80K [0x0000000087a00000, 0x000000008cb80000, 0x00000000d7e00000)
  object space 83456K, 0% used [0x0000000087a00000,0x0000000087a14010,0x000000008cb80000)
 Metaspace       used 13835K, capacity 14016K, committed 14080K, reserved 1060864K
  class space    used 1700K, capacity 1761K, committed 1792K, reserved 1048576K
}
Event: 160.532 GC heap before
{Heap before GC invocations=3 (full 0):
 PSYoungGen      total 36352K, used 36337K [0x00000000d7e00000, 0x00000000da680000, 0x0000000100000000)
  eden space 31232K, 100% used [0x00000000d7e00000,0x00000000d9c80000,0x00000000d9c80000)
  from space 5120K, 99% used [0x00000000da180000,0x00000000da67c4b0,0x00000000da680000)
  to   space 5120K, 0% used [0x00000000d9c80000,0x00000000d9c80000,0x00000000da180000)
 ParOldGen       total 83456K, used 80K [0x0000000087a00000, 0x000000008cb80000, 0x00000000d7e00000)
  object space 83456K, 0% used [0x0000000087a00000,0x0000000087a14010,0x000000008cb80000)
 Metaspace       used 16843K, capacity 17150K, committed 17280K, reserved 1064960K
  class space    used 2047K, capacity 2163K, committed 2176K, reserved 1048576K
Event: 160.580 GC heap after
Heap after GC invocations=3 (full 0):
 PSYoungGen      total 36352K, used 5103K [0x00000000d7e00000, 0x00000000dc500000, 0x0000000100000000)
  eden space 31232K, 0% used [0x00000000d7e00000,0x00000000d7e00000,0x00000000d9c80000)
  from space 5120K, 99% used [0x00000000d9c80000,0x00000000da17bc78,0x00000000da180000)
  to   space 5120K, 0% used [0x00000000dc000000,0x00000000dc000000,0x00000000dc500000)
 ParOldGen       total 83456K, used 2965K [0x0000000087a00000, 0x000000008cb80000, 0x00000000d7e00000)
  object space 83456K, 3% used [0x0000000087a00000,0x0000000087ce57d8,0x000000008cb80000)
 Metaspace       used 16843K, capacity 17150K, committed 17280K, reserved 1064960K
  class space    used 2047K, capacity 2163K, committed 2176K, reserved 1048576K
}
Event: 163.351 GC heap before
{Heap before GC invocations=4 (full 0):
 PSYoungGen      total 36352K, used 36321K [0x00000000d7e00000, 0x00000000dc500000, 0x0000000100000000)
  eden space 31232K, 99% used [0x00000000d7e00000,0x00000000d9c7cb58,0x00000000d9c80000)
  from space 5120K, 99% used [0x00000000d9c80000,0x00000000da17bc78,0x00000000da180000)
  to   space 5120K, 0% used [0x00000000dc000000,0x00000000dc000000,0x00000000dc500000)
 ParOldGen       total 83456K, used 2965K [0x0000000087a00000, 0x000000008cb80000, 0x00000000d7e00000)
  object space 83456K, 3% used [0x0000000087a00000,0x0000000087ce57d8,0x000000008cb80000)
 Metaspace       used 16992K, capacity 17290K, committed 17536K, reserved 1064960K
  class space    used 2070K, capacity 2165K, committed 2176K, reserved 1048576K
Event: 163.491 GC heap after
Heap after GC invocations=4 (full 0):
 PSYoungGen      total 67584K, used 5113K [0x00000000d7e00000, 0x00000000dc500000, 0x0000000100000000)
  eden space 62464K, 0% used [0x00000000d7e00000,0x00000000d7e00000,0x00000000dbb00000)
  from space 5120K, 99% used [0x00000000dc000000,0x00000000dc4fe560,0x00000000dc500000)
  to   space 5120K, 0% used [0x00000000dbb00000,0x00000000dbb00000,0x00000000dc000000)
 ParOldGen       total 83456K, used 3807K [0x0000000087a00000, 0x000000008cb80000, 0x00000000d7e00000)
  object space 83456K, 4% used [0x0000000087a00000,0x0000000087db7d18,0x000000008cb80000)
 Metaspace       used 16992K, capacity 17290K, committed 17536K, reserved 1064960K
  class space    used 2070K, capacity 2165K, committed 2176K, reserved 1048576K
}
Event: 330.500 GC heap before
{Heap before GC invocations=5 (full 0):
 PSYoungGen      total 67584K, used 67577K [0x00000000d7e00000, 0x00000000dc500000, 0x0000000100000000)
  eden space 62464K, 100% used [0x00000000d7e00000,0x00000000dbb00000,0x00000000dbb00000)
  from space 5120K, 99% used [0x00000000dc000000,0x00000000dc4fe560,0x00000000dc500000)
  to   space 5120K, 0% used [0x00000000dbb00000,0x00000000dbb00000,0x00000000dc000000)
 ParOldGen       total 83456K, used 3807K [0x0000000087a00000, 0x000000008cb80000, 0x00000000d7e00000)
  object space 83456K, 4% used [0x0000000087a00000,0x0000000087db7d18,0x000000008cb80000)
 Metaspace       used 19197K, capacity 19500K, committed 19840K, reserved 1067008K
  class space    used 2459K, capacity 2562K, committed 2688K, reserved 1048576K

